<?xml version="1.0" encoding="UTF-8"?>
<testng-results ignored="0" total="1" passed="1" failed="0" skipped="0">
  <reporter-output>
  </reporter-output>
  <suite started-at="2025-01-08T08:51:53 GMT" name="Default suite" finished-at="2025-01-08T08:52:07 GMT" duration-ms="13641">
    <groups>
    </groups>
    <test started-at="2025-01-08T08:51:53 GMT" name="Default test" finished-at="2025-01-08T08:52:07 GMT" duration-ms="13641">
      <class name="com.katalon.tests.ProductTest">
        <test-method is-config="true" signature="openBrowserUrl()[pri:0, instance:com.katalon.tests.ProductTest@3e27aa33]" started-at="2025-01-08T08:51:42 GMT" name="openBrowserUrl" finished-at="2025-01-08T08:51:53 GMT" duration-ms="10588" status="PASS">
          <reporter-output>
          </reporter-output>
        </test-method> <!-- openBrowserUrl -->
        <test-method signature="RegisterTest()[pri:0, instance:com.katalon.tests.ProductTest@3e27aa33]" started-at="2025-01-08T08:51:53 GMT" name="RegisterTest" finished-at="2025-01-08T08:52:07 GMT" duration-ms="13541" status="PASS">
          <reporter-output>
          </reporter-output>
        </test-method> <!-- RegisterTest -->
        <test-method is-config="true" signature="closeBrowserUrl()[pri:0, instance:com.katalon.tests.ProductTest@3e27aa33]" started-at="2025-01-08T08:52:07 GMT" name="closeBrowserUrl" finished-at="2025-01-08T08:52:08 GMT" duration-ms="1502" status="PASS">
          <reporter-output>
          </reporter-output>
        </test-method> <!-- closeBrowserUrl -->
      </class> <!-- com.katalon.tests.ProductTest -->
    </test> <!-- Default test -->
  </suite> <!-- Default suite -->
</testng-results>
